User Not FoundURL not found11-03-2023	 09:46:16 ------URL not found
11-03-2023	 21:46:16 ------URL not found
11-03-2023	 30:46:16 ------URL not found
11-03-2023	 16:48:58 ------URL not found
11-03-2023	 16:57:13 ------Error------htkc2x6nkkmaaf07cq5eczi3-------/api/v1/usersssss-------GET------URL not found
11-03-2023	 17:05:06 ------Error------ow4r1abwax3vk0tjs66vlgka-------/api/v1/usersssss-------GET------URL not found
11-03-2023	 17:06:49 ------Error------jmixus2n3g1hjkq1yz86l0cg-------/api/v1/usersssss-------GET------URL not found
11-03-2023	 17:06:57 ------Error------lhoj4y16uw9v7upjrjs9ihpl-------/users-------GET
11-03-2023	 17:07:48 ------SUCCESSS------noj01ger6etnh5am3ogf7sjh-------/users-------GET
11-03-2023	 17:07:55 ------ERROR------siv398jac2x387nrb6pstj70-------/api/v1/usersssss-------GET------URL not found
11-03-2023	 17:08:28 ------ERROR---------v4rahvkg01npn1fa7zlex21f-------/api/v1/usersssss-------GET------URL not found
11-03-2023	 17:09:12 ------SUCCESSS------cl20e9rpi3jx9d77s7gmhp3a-------/users-------GET
11-03-2023	 17:09:20 ------SUCCESSS------b18no0j5lyi76qyctdwu8oqe-------/users/640b03f495dd2a515857d7d9-------GET
11-03-2023	 17:09:20 ------ERROR---------twra8ezd2wz3iulsisvm232b-------/api/v1/users/640b03f495dd2a515857d7d9-------GET------User Not Found
11-03-2023	 17:37:08 ------SUCCESSS------gq31bg4dunr5lzfkblo1fv2f-------/users/640b03f495dd2a515857d7d9-------GET
11-03-2023	 17:37:08 ------ERROR---------gr6sgcx8sbk39bxgmt2conb1-------/api/v1/users/640b03f495dd2a515857d7d9-------GET------User Not Found
11-03-2023	 17:37:16 ------SUCCESSS------ixgvdjbj32ea7zc2eec1c8z1-------/users/640b03f495dd2a515857d7d5-------GET
11-03-2023	 19:22:36 ------SUCCESSS------nan8ks0yxick5bb6le0y99vq-------/users/640b03f495dd2a515857d7d5-------GET
11-03-2023	 19:22:53 ------SUCCESSS------x3htur1gfb7j5650rtfbm7d1-------/users/640b03f495dd2a515857d7d9-------GET
11-03-2023	 19:22:53 ------ERROR---------xi1pd8wwvahfkltx41394e0f-------/api/v1/users/640b03f495dd2a515857d7d9-------GET------User Not Found
11-03-2023	 19:23:28 ------ERROR---------cn68da8l7erdt6drvwaifa8i-------/api/v1/users/640b03f495dd2a515857d7d9-------GET------User Not Found
11-03-2023	 19:24:45 ------ERROR---------opamettndy2ifk9bndd8wsf4-------/api/v1/users/640b03f495dd2a515857d7d9-------GET------User Not Found
11-03-2023	 19:25:49 ------SUCCESSS------aq0z4ot2acmgm4c44al5vyfb-------/users/640b03f495dd2a515857d7d9-------GET
11-03-2023	 19:25:49 ------ERROR---------lxt51zjxb71ao1qflpcesjs1-------/api/v1/users/640b03f495dd2a515857d7d9-------GET------User Not Found
